Jun 24, 2019 2:40:11 PM org.eclipse.birt.data.engine.odaconsumer.ConnectionManager openConnection
SEVERE: Unable to open connection.
org.eclipse.birt.report.data.oda.jdbc.JDBCException: There is an error in get connection, IO Error: The Network Adapter could not establish the connection.
	at org.eclipse.birt.report.data.oda.jdbc.JDBCDriverManager.doConnect(JDBCDriverManager.java:339)
	at org.eclipse.birt.report.data.oda.jdbc.JDBCDriverManager.getConnection(JDBCDriverManager.java:236)
	at org.eclipse.birt.report.data.oda.jdbc.Connection.connectByUrl(Connection.java:253)
	at org.eclipse.birt.report.data.oda.jdbc.Connection.open(Connection.java:163)
	at org.eclipse.datatools.connectivity.oda.consumer.helper.OdaConnection.open(OdaConnection.java:250)
	at org.eclipse.birt.data.engine.odaconsumer.ConnectionManager.openConnection(ConnectionManager.java:165)
	at org.eclipse.birt.data.engine.executor.DataSource.newConnection(DataSource.java:224)
	at org.eclipse.birt.data.engine.executor.DataSource.open(DataSource.java:212)
	at org.eclipse.birt.data.engine.impl.DataSourceRuntime.openOdiDataSource(DataSourceRuntime.java:217)
	at org.eclipse.birt.data.engine.impl.QueryExecutor.openDataSource(QueryExecutor.java:439)
	at org.eclipse.birt.data.engine.impl.QueryExecutor.prepareExecution(QueryExecutor.java:327)
	at org.eclipse.birt.data.engine.impl.PreparedQuery.doPrepare(PreparedQuery.java:464)
	at org.eclipse.birt.data.engine.impl.PreparedDataSourceQuery.produceQueryResults(PreparedDataSourceQuery.java:190)
	at org.eclipse.birt.data.engine.impl.PreparedDataSourceQuery.execute(PreparedDataSourceQuery.java:178)
	at org.eclipse.birt.data.engine.impl.PreparedOdaDSQuery.execute(PreparedOdaDSQuery.java:179)
	at org.eclipse.birt.data.engine.impl.PreparedDataSourceQuery.execute(PreparedDataSourceQuery.java:159)
	at org.eclipse.birt.data.engine.impl.PreparedJointDataSourceQuery.populatePreparedQuery(PreparedJointDataSourceQuery.java:557)
	at org.eclipse.birt.data.engine.impl.PreparedJointDataSourceQuery.populatePreparedQuery(PreparedJointDataSourceQuery.java:495)
	at org.eclipse.birt.data.engine.impl.PreparedJointDataSourceQuery.access$2(PreparedJointDataSourceQuery.java:493)
	at org.eclipse.birt.data.engine.impl.PreparedJointDataSourceQuery$JointDataSetQueryExecutor.createOdiQuery(PreparedJointDataSourceQuery.java:589)
	at org.eclipse.birt.data.engine.impl.QueryExecutor.prepareExecution(QueryExecutor.java:335)
	at org.eclipse.birt.data.engine.impl.PreparedQuery.doPrepare(PreparedQuery.java:464)
	at org.eclipse.birt.data.engine.impl.PreparedDataSourceQuery.produceQueryResults(PreparedDataSourceQuery.java:190)
	at org.eclipse.birt.data.engine.impl.PreparedDataSourceQuery.execute(PreparedDataSourceQuery.java:178)
	at org.eclipse.birt.report.data.adapter.impl.DataRequestSessionImpl.execute(DataRequestSessionImpl.java:652)
	at org.eclipse.birt.report.engine.data.dte.DteDataEngine.doExecuteQuery(DteDataEngine.java:152)
	at org.eclipse.birt.report.engine.data.dte.DataGenerationEngine.doExecuteQuery(DataGenerationEngine.java:83)
	at org.eclipse.birt.report.engine.data.dte.AbstractDataEngine.execute(AbstractDataEngine.java:286)
	at org.eclipse.birt.report.engine.executor.ExecutionContext.executeQuery(ExecutionContext.java:1954)
	at org.eclipse.birt.report.engine.executor.QueryItemExecutor.executeQuery(QueryItemExecutor.java:80)
	at org.eclipse.birt.report.engine.executor.TableItemExecutor.execute(TableItemExecutor.java:62)
	at org.eclipse.birt.report.engine.internal.executor.wrap.WrappedReportItemExecutor.execute(WrappedReportItemExecutor.java:46)
	at org.eclipse.birt.report.engine.internal.executor.emitter.ReportItemEmitterExecutor.execute(ReportItemEmitterExecutor.java:46)
	at org.eclipse.birt.report.engine.internal.executor.dup.SuppressDuplicateItemExecutor.execute(SuppressDuplicateItemExecutor.java:43)
	at org.eclipse.birt.report.engine.internal.executor.wrap.WrappedReportItemExecutor.execute(WrappedReportItemExecutor.java:46)
	at org.eclipse.birt.report.engine.internal.executor.l18n.LocalizedReportItemExecutor.execute(LocalizedReportItemExecutor.java:34)
	at org.eclipse.birt.report.engine.layout.html.HTMLBlockStackingLM.layoutNodes(HTMLBlockStackingLM.java:65)
	at org.eclipse.birt.report.engine.layout.html.HTMLPageLM.layout(HTMLPageLM.java:92)
	at org.eclipse.birt.report.engine.layout.html.HTMLReportLayoutEngine.layout(HTMLReportLayoutEngine.java:100)
	at org.eclipse.birt.report.engine.presentation.ReportDocumentBuilder.build(ReportDocumentBuilder.java:249)
	at org.eclipse.birt.report.engine.api.impl.RunTask.doRun(RunTask.java:273)
	at org.eclipse.birt.report.engine.api.impl.RunTask.run(RunTask.java:89)
	at org.eclipse.birt.report.service.ReportEngineService.runReport(ReportEngineService.java:1325)
	at org.eclipse.birt.report.service.BirtViewerReportService.runReport(BirtViewerReportService.java:159)
	at org.eclipse.birt.report.service.actionhandler.BirtRunReportActionHandler.__execute(BirtRunReportActionHandler.java:81)
	at org.eclipse.birt.report.service.actionhandler.BirtChangeParameterActionHandler.runReport(BirtChangeParameterActionHandler.java:58)
	at org.eclipse.birt.report.service.actionhandler.AbstractChangeParameterActionHandler.__execute(AbstractChangeParameterActionHandler.java:52)
	at org.eclipse.birt.report.service.actionhandler.AbstractBaseActionHandler.execute(AbstractBaseActionHandler.java:90)
	at org.eclipse.birt.report.soapengine.processor.AbstractBaseDocumentProcessor.__executeAction(AbstractBaseDocumentProcessor.java:47)
	at org.eclipse.birt.report.soapengine.processor.AbstractBaseComponentProcessor.executeAction(AbstractBaseComponentProcessor.java:143)
	at org.eclipse.birt.report.soapengine.processor.BirtDocumentProcessor.handleChangeParameter(BirtDocumentProcessor.java:100)
	at sun.reflect.GeneratedMethodAccessor145.invoke(Unknown Source)
	at sun.reflect.DelegatingMethodAccessorImpl.invoke(Unknown Source)
	at java.lang.reflect.Method.invoke(Unknown Source)
	at org.eclipse.birt.report.soapengine.processor.AbstractBaseComponentProcessor.process(AbstractBaseComponentProcessor.java:112)
	at org.eclipse.birt.report.soapengine.endpoint.BirtSoapBindingImpl.getUpdatedObjects(BirtSoapBindingImpl.java:66)
	at sun.reflect.GeneratedMethodAccessor132.invoke(Unknown Source)
	at sun.reflect.DelegatingMethodAccessorImpl.invoke(Unknown Source)
	at java.lang.reflect.Method.invoke(Unknown Source)
	at org.apache.axis.providers.java.RPCProvider.invokeMethod(RPCProvider.java:397)
	at org.apache.axis.providers.java.RPCProvider.processMessage(RPCProvider.java:186)
	at org.apache.axis.providers.java.JavaProvider.invoke(JavaProvider.java:323)
	at org.apache.axis.strategies.InvocationStrategy.visit(InvocationStrategy.java:32)
	at org.apache.axis.SimpleChain.doVisiting(SimpleChain.java:118)
	at org.apache.axis.SimpleChain.invoke(SimpleChain.java:83)
	at org.apache.axis.handlers.soap.SOAPService.invoke(SOAPService.java:454)
	at org.apache.axis.server.AxisServer.invoke(AxisServer.java:281)
	at org.apache.axis.transport.http.AxisServlet.doPost(AxisServlet.java:699)
	at org.eclipse.birt.report.servlet.BirtSoapMessageDispatcherServlet.doPost(BirtSoapMessageDispatcherServlet.java:265)
	at javax.servlet.http.HttpServlet.service(HttpServlet.java:707)
	at org.apache.axis.transport.http.AxisServletBase.service(AxisServletBase.java:327)
	at javax.servlet.http.HttpServlet.service(HttpServlet.java:790)
	at org.eclipse.birt.report.servlet.BirtSoapMessageDispatcherServlet.service(BirtSoapMessageDispatcherServlet.java:122)
	at org.eclipse.jetty.servlet.ServletHolder.handle(ServletHolder.java:865)
	at org.eclipse.jetty.servlet.ServletHandler$CachedChain.doFilter(ServletHandler.java:1655)
	at org.eclipse.birt.report.filter.ViewerFilter.doFilter(ViewerFilter.java:68)
	at org.eclipse.jetty.servlet.ServletHandler$CachedChain.doFilter(ServletHandler.java:1634)
	at org.eclipse.jetty.servlet.ServletHandler.doHandle(ServletHandler.java:533)
	at org.eclipse.jetty.server.handler.ScopedHandler.handle(ScopedHandler.java:146)
	at org.eclipse.jetty.security.SecurityHandler.handle(SecurityHandler.java:548)
	at org.eclipse.jetty.server.handler.HandlerWrapper.handle(HandlerWrapper.java:132)
	at org.eclipse.jetty.server.handler.ScopedHandler.nextHandle(ScopedHandler.java:257)
	at org.eclipse.jetty.server.session.SessionHandler.doHandle(SessionHandler.java:1595)
	at org.eclipse.jetty.server.handler.ScopedHandler.nextHandle(ScopedHandler.java:255)
	at org.eclipse.jetty.server.handler.ContextHandler.doHandle(ContextHandler.java:1253)
	at org.eclipse.jetty.server.handler.ScopedHandler.nextScope(ScopedHandler.java:203)
	at org.eclipse.jetty.servlet.ServletHandler.doScope(ServletHandler.java:473)
	at org.eclipse.jetty.server.session.SessionHandler.doScope(SessionHandler.java:1564)
	at org.eclipse.jetty.server.handler.ScopedHandler.nextScope(ScopedHandler.java:201)
	at org.eclipse.jetty.server.handler.ContextHandler.doScope(ContextHandler.java:1155)
	at org.eclipse.jetty.server.handler.ScopedHandler.handle(ScopedHandler.java:144)
	at org.eclipse.jetty.server.handler.ContextHandlerCollection.handle(ContextHandlerCollection.java:219)
	at org.eclipse.jetty.server.handler.HandlerCollection.handle(HandlerCollection.java:126)
	at org.eclipse.jetty.server.handler.HandlerWrapper.handle(HandlerWrapper.java:132)
	at org.eclipse.jetty.server.Server.handle(Server.java:531)
	at org.eclipse.jetty.server.HttpChannel.handle(HttpChannel.java:352)
	at org.eclipse.jetty.server.HttpConnection.onFillable(HttpConnection.java:260)
	at org.eclipse.jetty.io.AbstractConnection$ReadCallback.succeeded(AbstractConnection.java:281)
	at org.eclipse.jetty.io.FillInterest.fillable(FillInterest.java:102)
	at org.eclipse.jetty.io.ChannelEndPoint$2.run(ChannelEndPoint.java:118)
	at org.eclipse.jetty.util.thread.strategy.EatWhatYouKill.runTask(EatWhatYouKill.java:333)
	at org.eclipse.jetty.util.thread.strategy.EatWhatYouKill.doProduce(EatWhatYouKill.java:310)
	at org.eclipse.jetty.util.thread.strategy.EatWhatYouKill.tryProduce(EatWhatYouKill.java:168)
	at org.eclipse.jetty.util.thread.strategy.EatWhatYouKill.run(EatWhatYouKill.java:126)
	at org.eclipse.jetty.util.thread.ReservedThreadExecutor$ReservedThread.run(ReservedThreadExecutor.java:366)
	at org.eclipse.jetty.util.thread.QueuedThreadPool.runJob(QueuedThreadPool.java:760)
	at org.eclipse.jetty.util.thread.QueuedThreadPool$2.run(QueuedThreadPool.java:678)
	at java.lang.Thread.run(Unknown Source)

Jun 24, 2019 2:41:01 PM org.eclipse.birt.data.engine.odaconsumer.ConnectionManager openConnection
SEVERE: Unable to open connection.
org.eclipse.birt.report.data.oda.jdbc.JDBCException: There is an error in get connection, IO Error: The Network Adapter could not establish the connection.
	at org.eclipse.birt.report.data.oda.jdbc.JDBCDriverManager.doConnect(JDBCDriverManager.java:339)
	at org.eclipse.birt.report.data.oda.jdbc.JDBCDriverManager.getConnection(JDBCDriverManager.java:236)
	at org.eclipse.birt.report.data.oda.jdbc.Connection.connectByUrl(Connection.java:253)
	at org.eclipse.birt.report.data.oda.jdbc.Connection.open(Connection.java:163)
	at org.eclipse.datatools.connectivity.oda.consumer.helper.OdaConnection.open(OdaConnection.java:250)
	at org.eclipse.birt.data.engine.odaconsumer.ConnectionManager.openConnection(ConnectionManager.java:165)
	at org.eclipse.birt.data.engine.executor.DataSource.newConnection(DataSource.java:224)
	at org.eclipse.birt.data.engine.executor.DataSource.open(DataSource.java:212)
	at org.eclipse.birt.data.engine.impl.DataSourceRuntime.openOdiDataSource(DataSourceRuntime.java:217)
	at org.eclipse.birt.data.engine.impl.QueryExecutor.openDataSource(QueryExecutor.java:439)
	at org.eclipse.birt.data.engine.impl.QueryExecutor.prepareExecution(QueryExecutor.java:327)
	at org.eclipse.birt.data.engine.impl.PreparedQuery.doPrepare(PreparedQuery.java:464)
	at org.eclipse.birt.data.engine.impl.PreparedDataSourceQuery.produceQueryResults(PreparedDataSourceQuery.java:190)
	at org.eclipse.birt.data.engine.impl.PreparedDataSourceQuery.execute(PreparedDataSourceQuery.java:178)
	at org.eclipse.birt.data.engine.impl.PreparedOdaDSQuery.execute(PreparedOdaDSQuery.java:179)
	at org.eclipse.birt.data.engine.impl.PreparedDataSourceQuery.execute(PreparedDataSourceQuery.java:159)
	at org.eclipse.birt.data.engine.impl.PreparedJointDataSourceQuery.populatePreparedQuery(PreparedJointDataSourceQuery.java:557)
	at org.eclipse.birt.data.engine.impl.PreparedJointDataSourceQuery.populatePreparedQuery(PreparedJointDataSourceQuery.java:495)
	at org.eclipse.birt.data.engine.impl.PreparedJointDataSourceQuery.access$2(PreparedJointDataSourceQuery.java:493)
	at org.eclipse.birt.data.engine.impl.PreparedJointDataSourceQuery$JointDataSetQueryExecutor.createOdiQuery(PreparedJointDataSourceQuery.java:589)
	at org.eclipse.birt.data.engine.impl.QueryExecutor.prepareExecution(QueryExecutor.java:335)
	at org.eclipse.birt.data.engine.impl.PreparedQuery.doPrepare(PreparedQuery.java:464)
	at org.eclipse.birt.data.engine.impl.PreparedDataSourceQuery.produceQueryResults(PreparedDataSourceQuery.java:190)
	at org.eclipse.birt.data.engine.impl.PreparedDataSourceQuery.execute(PreparedDataSourceQuery.java:178)
	at org.eclipse.birt.report.data.adapter.impl.DataRequestSessionImpl.execute(DataRequestSessionImpl.java:652)
	at org.eclipse.birt.report.engine.data.dte.DteDataEngine.doExecuteQuery(DteDataEngine.java:152)
	at org.eclipse.birt.report.engine.data.dte.DataGenerationEngine.doExecuteQuery(DataGenerationEngine.java:83)
	at org.eclipse.birt.report.engine.data.dte.AbstractDataEngine.execute(AbstractDataEngine.java:286)
	at org.eclipse.birt.report.engine.executor.ExecutionContext.executeQuery(ExecutionContext.java:1954)
	at org.eclipse.birt.report.engine.executor.QueryItemExecutor.executeQuery(QueryItemExecutor.java:80)
	at org.eclipse.birt.report.engine.executor.TableItemExecutor.execute(TableItemExecutor.java:62)
	at org.eclipse.birt.report.engine.internal.executor.wrap.WrappedReportItemExecutor.execute(WrappedReportItemExecutor.java:46)
	at org.eclipse.birt.report.engine.internal.executor.emitter.ReportItemEmitterExecutor.execute(ReportItemEmitterExecutor.java:46)
	at org.eclipse.birt.report.engine.internal.executor.dup.SuppressDuplicateItemExecutor.execute(SuppressDuplicateItemExecutor.java:43)
	at org.eclipse.birt.report.engine.internal.executor.wrap.WrappedReportItemExecutor.execute(WrappedReportItemExecutor.java:46)
	at org.eclipse.birt.report.engine.internal.executor.l18n.LocalizedReportItemExecutor.execute(LocalizedReportItemExecutor.java:34)
	at org.eclipse.birt.report.engine.layout.html.HTMLBlockStackingLM.layoutNodes(HTMLBlockStackingLM.java:65)
	at org.eclipse.birt.report.engine.layout.html.HTMLPageLM.layout(HTMLPageLM.java:92)
	at org.eclipse.birt.report.engine.layout.html.HTMLReportLayoutEngine.layout(HTMLReportLayoutEngine.java:100)
	at org.eclipse.birt.report.engine.presentation.ReportDocumentBuilder.build(ReportDocumentBuilder.java:249)
	at org.eclipse.birt.report.engine.api.impl.RunTask.doRun(RunTask.java:273)
	at org.eclipse.birt.report.engine.api.impl.RunTask.run(RunTask.java:89)
	at org.eclipse.birt.report.service.ReportEngineService.runReport(ReportEngineService.java:1325)
	at org.eclipse.birt.report.service.BirtViewerReportService.runReport(BirtViewerReportService.java:159)
	at org.eclipse.birt.report.service.actionhandler.BirtRunReportActionHandler.__execute(BirtRunReportActionHandler.java:81)
	at org.eclipse.birt.report.service.actionhandler.BirtChangeParameterActionHandler.runReport(BirtChangeParameterActionHandler.java:58)
	at org.eclipse.birt.report.service.actionhandler.AbstractChangeParameterActionHandler.__execute(AbstractChangeParameterActionHandler.java:52)
	at org.eclipse.birt.report.service.actionhandler.AbstractBaseActionHandler.execute(AbstractBaseActionHandler.java:90)
	at org.eclipse.birt.report.soapengine.processor.AbstractBaseDocumentProcessor.__executeAction(AbstractBaseDocumentProcessor.java:47)
	at org.eclipse.birt.report.soapengine.processor.AbstractBaseComponentProcessor.executeAction(AbstractBaseComponentProcessor.java:143)
	at org.eclipse.birt.report.soapengine.processor.BirtDocumentProcessor.handleChangeParameter(BirtDocumentProcessor.java:100)
	at sun.reflect.GeneratedMethodAccessor145.invoke(Unknown Source)
	at sun.reflect.DelegatingMethodAccessorImpl.invoke(Unknown Source)
	at java.lang.reflect.Method.invoke(Unknown Source)
	at org.eclipse.birt.report.soapengine.processor.AbstractBaseComponentProcessor.process(AbstractBaseComponentProcessor.java:112)
	at org.eclipse.birt.report.soapengine.endpoint.BirtSoapBindingImpl.getUpdatedObjects(BirtSoapBindingImpl.java:66)
	at sun.reflect.GeneratedMethodAccessor132.invoke(Unknown Source)
	at sun.reflect.DelegatingMethodAccessorImpl.invoke(Unknown Source)
	at java.lang.reflect.Method.invoke(Unknown Source)
	at org.apache.axis.providers.java.RPCProvider.invokeMethod(RPCProvider.java:397)
	at org.apache.axis.providers.java.RPCProvider.processMessage(RPCProvider.java:186)
	at org.apache.axis.providers.java.JavaProvider.invoke(JavaProvider.java:323)
	at org.apache.axis.strategies.InvocationStrategy.visit(InvocationStrategy.java:32)
	at org.apache.axis.SimpleChain.doVisiting(SimpleChain.java:118)
	at org.apache.axis.SimpleChain.invoke(SimpleChain.java:83)
	at org.apache.axis.handlers.soap.SOAPService.invoke(SOAPService.java:454)
	at org.apache.axis.server.AxisServer.invoke(AxisServer.java:281)
	at org.apache.axis.transport.http.AxisServlet.doPost(AxisServlet.java:699)
	at org.eclipse.birt.report.servlet.BirtSoapMessageDispatcherServlet.doPost(BirtSoapMessageDispatcherServlet.java:265)
	at javax.servlet.http.HttpServlet.service(HttpServlet.java:707)
	at org.apache.axis.transport.http.AxisServletBase.service(AxisServletBase.java:327)
	at javax.servlet.http.HttpServlet.service(HttpServlet.java:790)
	at org.eclipse.birt.report.servlet.BirtSoapMessageDispatcherServlet.service(BirtSoapMessageDispatcherServlet.java:122)
	at org.eclipse.jetty.servlet.ServletHolder.handle(ServletHolder.java:865)
	at org.eclipse.jetty.servlet.ServletHandler$CachedChain.doFilter(ServletHandler.java:1655)
	at org.eclipse.birt.report.filter.ViewerFilter.doFilter(ViewerFilter.java:68)
	at org.eclipse.jetty.servlet.ServletHandler$CachedChain.doFilter(ServletHandler.java:1634)
	at org.eclipse.jetty.servlet.ServletHandler.doHandle(ServletHandler.java:533)
	at org.eclipse.jetty.server.handler.ScopedHandler.handle(ScopedHandler.java:146)
	at org.eclipse.jetty.security.SecurityHandler.handle(SecurityHandler.java:548)
	at org.eclipse.jetty.server.handler.HandlerWrapper.handle(HandlerWrapper.java:132)
	at org.eclipse.jetty.server.handler.ScopedHandler.nextHandle(ScopedHandler.java:257)
	at org.eclipse.jetty.server.session.SessionHandler.doHandle(SessionHandler.java:1595)
	at org.eclipse.jetty.server.handler.ScopedHandler.nextHandle(ScopedHandler.java:255)
	at org.eclipse.jetty.server.handler.ContextHandler.doHandle(ContextHandler.java:1253)
	at org.eclipse.jetty.server.handler.ScopedHandler.nextScope(ScopedHandler.java:203)
	at org.eclipse.jetty.servlet.ServletHandler.doScope(ServletHandler.java:473)
	at org.eclipse.jetty.server.session.SessionHandler.doScope(SessionHandler.java:1564)
	at org.eclipse.jetty.server.handler.ScopedHandler.nextScope(ScopedHandler.java:201)
	at org.eclipse.jetty.server.handler.ContextHandler.doScope(ContextHandler.java:1155)
	at org.eclipse.jetty.server.handler.ScopedHandler.handle(ScopedHandler.java:144)
	at org.eclipse.jetty.server.handler.ContextHandlerCollection.handle(ContextHandlerCollection.java:219)
	at org.eclipse.jetty.server.handler.HandlerCollection.handle(HandlerCollection.java:126)
	at org.eclipse.jetty.server.handler.HandlerWrapper.handle(HandlerWrapper.java:132)
	at org.eclipse.jetty.server.Server.handle(Server.java:531)
	at org.eclipse.jetty.server.HttpChannel.handle(HttpChannel.java:352)
	at org.eclipse.jetty.server.HttpConnection.onFillable(HttpConnection.java:260)
	at org.eclipse.jetty.io.AbstractConnection$ReadCallback.succeeded(AbstractConnection.java:281)
	at org.eclipse.jetty.io.FillInterest.fillable(FillInterest.java:102)
	at org.eclipse.jetty.io.ChannelEndPoint$2.run(ChannelEndPoint.java:118)
	at org.eclipse.jetty.util.thread.strategy.EatWhatYouKill.runTask(EatWhatYouKill.java:333)
	at org.eclipse.jetty.util.thread.strategy.EatWhatYouKill.doProduce(EatWhatYouKill.java:310)
	at org.eclipse.jetty.util.thread.strategy.EatWhatYouKill.tryProduce(EatWhatYouKill.java:168)
	at org.eclipse.jetty.util.thread.strategy.EatWhatYouKill.run(EatWhatYouKill.java:126)
	at org.eclipse.jetty.util.thread.ReservedThreadExecutor$ReservedThread.run(ReservedThreadExecutor.java:366)
	at org.eclipse.jetty.util.thread.QueuedThreadPool.runJob(QueuedThreadPool.java:760)
	at org.eclipse.jetty.util.thread.QueuedThreadPool$2.run(QueuedThreadPool.java:678)
	at java.lang.Thread.run(Unknown Source)

Jun 24, 2019 3:34:09 PM org.eclipse.birt.core.script.functionservice.impl.FunctionProvider setFunctionProvider
WARNING: FunctionProvider should not set twice.
